{"name":"hexo","hostname":"2510L-136001-M.local","pid":94168,"level":20,"msg":"Hexo version: \u001b[35m3.7.1\u001b[39m","time":"2018-06-22T05:23:54.964Z","v":0}
{"name":"hexo","hostname":"2510L-136001-M.local","pid":94168,"level":20,"msg":"Working directory: \u001b[35m~/SiliconLab/Blog/blog/\u001b[39m","time":"2018-06-22T05:23:54.967Z","v":0}
{"name":"hexo","hostname":"2510L-136001-M.local","pid":94168,"level":20,"msg":"Config loaded: \u001b[35m~/SiliconLab/Blog/blog/_config.yml\u001b[39m","time":"2018-06-22T05:23:55.105Z","v":0}
{"name":"hexo","hostname":"2510L-136001-M.local","pid":94168,"level":20,"msg":"Plugin loaded: \u001b[35mhexo-deployer-git\u001b[39m","time":"2018-06-22T05:23:55.147Z","v":0}
{"name":"hexo","hostname":"2510L-136001-M.local","pid":94168,"level":20,"msg":"Plugin loaded: \u001b[35mhexo-generator-index\u001b[39m","time":"2018-06-22T05:23:55.151Z","v":0}
{"name":"hexo","hostname":"2510L-136001-M.local","pid":94168,"level":20,"msg":"Plugin loaded: \u001b[35mhexo-generator-archive\u001b[39m","time":"2018-06-22T05:23:55.154Z","v":0}
{"name":"hexo","hostname":"2510L-136001-M.local","pid":94168,"level":20,"msg":"Plugin loaded: \u001b[35mhexo-generator-tag\u001b[39m","time":"2018-06-22T05:23:55.155Z","v":0}
{"name":"hexo","hostname":"2510L-136001-M.local","pid":94168,"level":20,"msg":"Plugin loaded: \u001b[35mhexo-renderer-ejs\u001b[39m","time":"2018-06-22T05:23:55.159Z","v":0}
{"name":"hexo","hostname":"2510L-136001-M.local","pid":94168,"level":20,"msg":"Plugin loaded: \u001b[35mhexo-renderer-stylus\u001b[39m","time":"2018-06-22T05:23:55.160Z","v":0}
{"name":"hexo","hostname":"2510L-136001-M.local","pid":94168,"level":20,"msg":"Plugin loaded: \u001b[35mhexo-generator-category\u001b[39m","time":"2018-06-22T05:23:55.162Z","v":0}
{"name":"hexo","hostname":"2510L-136001-M.local","pid":94168,"level":20,"msg":"Plugin loaded: \u001b[35mhexo-renderer-marked\u001b[39m","time":"2018-06-22T05:23:55.168Z","v":0}
{"name":"hexo","hostname":"2510L-136001-M.local","pid":94168,"level":20,"msg":"Plugin loaded: \u001b[35mhexo-server\u001b[39m","time":"2018-06-22T05:23:55.259Z","v":0}
{"name":"hexo","hostname":"2510L-136001-M.local","pid":94168,"level":20,"msg":"Script loaded: \u001b[35mthemes/bootstrap-blog/scripts/callout.js\u001b[39m","time":"2018-06-22T05:23:55.288Z","v":0}
{"name":"hexo","hostname":"2510L-136001-M.local","pid":94168,"level":20,"msg":"Script loaded: \u001b[35mthemes/bootstrap-blog/scripts/fancybox.js\u001b[39m","time":"2018-06-22T05:23:55.289Z","v":0}
{"name":"hexo","hostname":"2510L-136001-M.local","pid":94168,"level":20,"msg":"Script loaded: \u001b[35mthemes/bootstrap-blog/scripts/bs_paginator.js\u001b[39m","time":"2018-06-22T05:23:55.291Z","v":0}
{"name":"hexo","hostname":"2510L-136001-M.local","pid":94168,"level":20,"msg":"Loading database.","time":"2018-06-22T05:23:55.298Z","v":0}
{"name":"hexo","hostname":"2510L-136001-M.local","pid":94168,"level":30,"msg":"Start processing","time":"2018-06-22T05:23:55.306Z","v":0}
{"name":"hexo","hostname":"2510L-136001-M.local","pid":94168,"level":20,"msg":"Processed: \u001b[35mdebug.log\u001b[39m","time":"2018-06-22T05:23:55.328Z","v":0}
{"name":"hexo","hostname":"2510L-136001-M.local","pid":94168,"level":20,"msg":"Theme config loaded.","time":"2018-06-22T05:23:55.360Z","v":0}
{"name":"hexo","hostname":"2510L-136001-M.local","pid":94168,"level":50,"err":{"message":"end of the stream or a document separator is expected at line 5, column 1:\n    ***\n    ^","name":"YAMLException","stack":"YAMLException: end of the stream or a document separator is expected at line 5, column 1:\n    ***\n    ^\n    at generateError (/Users/daxiw1/SiliconLab/Blog/blog/node_modules/js-yaml/lib/js-yaml/loader.js:165:10)\n    at throwError (/Users/daxiw1/SiliconLab/Blog/blog/node_modules/js-yaml/lib/js-yaml/loader.js:171:9)\n    at readDocument (/Users/daxiw1/SiliconLab/Blog/blog/node_modules/js-yaml/lib/js-yaml/loader.js:1512:5)\n    at loadDocuments (/Users/daxiw1/SiliconLab/Blog/blog/node_modules/js-yaml/lib/js-yaml/loader.js:1548:5)\n    at Object.load (/Users/daxiw1/SiliconLab/Blog/blog/node_modules/js-yaml/lib/js-yaml/loader.js:1569:19)\n    at parseYAML (/Users/daxiw1/SiliconLab/Blog/blog/node_modules/hexo-front-matter/lib/front_matter.js:80:21)\n    at parse (/Users/daxiw1/SiliconLab/Blog/blog/node_modules/hexo-front-matter/lib/front_matter.js:56:12)\n    at Promise.all.spread (/Users/daxiw1/SiliconLab/Blog/blog/node_modules/hexo/lib/plugins/processor/asset.js:34:20)\n    at tryCatcher (/Users/daxiw1/SiliconLab/Blog/blog/node_modules/bluebird/js/release/util.js:16:23)\n    at Promise._settlePromiseFromHandler (/Users/daxiw1/SiliconLab/Blog/blog/node_modules/bluebird/js/release/promise.js:509:35)\n    at Promise._settlePromise (/Users/daxiw1/SiliconLab/Blog/blog/node_modules/bluebird/js/release/promise.js:569:18)\n    at Promise._settlePromise0 (/Users/daxiw1/SiliconLab/Blog/blog/node_modules/bluebird/js/release/promise.js:614:10)\n    at Promise._settlePromises (/Users/daxiw1/SiliconLab/Blog/blog/node_modules/bluebird/js/release/promise.js:693:18)\n    at Promise._fulfill (/Users/daxiw1/SiliconLab/Blog/blog/node_modules/bluebird/js/release/promise.js:638:18)\n    at PromiseArray._resolve (/Users/daxiw1/SiliconLab/Blog/blog/node_modules/bluebird/js/release/promise_array.js:126:19)\n    at PromiseArray._promiseFulfilled (/Users/daxiw1/SiliconLab/Blog/blog/node_modules/bluebird/js/release/promise_array.js:144:14)\n    at PromiseArray._iterate (/Users/daxiw1/SiliconLab/Blog/blog/node_modules/bluebird/js/release/promise_array.js:114:31)\n    at PromiseArray.init [as _init] (/Users/daxiw1/SiliconLab/Blog/blog/node_modules/bluebird/js/release/promise_array.js:78:10)\n    at Promise._settlePromise (/Users/daxiw1/SiliconLab/Blog/blog/node_modules/bluebird/js/release/promise.js:566:21)\n    at Promise._settlePromise0 (/Users/daxiw1/SiliconLab/Blog/blog/node_modules/bluebird/js/release/promise.js:614:10)\n    at Promise._settlePromises (/Users/daxiw1/SiliconLab/Blog/blog/node_modules/bluebird/js/release/promise.js:693:18)\n    at Promise._fulfill (/Users/daxiw1/SiliconLab/Blog/blog/node_modules/bluebird/js/release/promise.js:638:18)"},"msg":"Process failed: \u001b[35mMol_Pop_Genetics_Chp1.md\u001b[39m","time":"2018-06-22T05:23:55.360Z","v":0}
{"name":"hexo","hostname":"2510L-136001-M.local","pid":94168,"level":20,"msg":"Processed: \u001b[35m_config.yml\u001b[39m","time":"2018-06-22T05:23:55.361Z","v":0}
{"name":"hexo","hostname":"2510L-136001-M.local","pid":94168,"level":20,"msg":"Processed: \u001b[35msource/css/callouts.css\u001b[39m","time":"2018-06-22T05:23:55.367Z","v":0}
{"name":"hexo","hostname":"2510L-136001-M.local","pid":94168,"level":20,"msg":"Processed: \u001b[35msource/css/hexo-base.css\u001b[39m","time":"2018-06-22T05:23:55.367Z","v":0}
{"name":"hexo","hostname":"2510L-136001-M.local","pid":94168,"level":20,"msg":"Processed: \u001b[35msource/css/custom.css\u001b[39m","time":"2018-06-22T05:23:55.368Z","v":0}
{"name":"hexo","hostname":"2510L-136001-M.local","pid":94168,"level":20,"msg":"Processed: \u001b[35msource/css/highlight-js.css\u001b[39m","time":"2018-06-22T05:23:55.368Z","v":0}
{"name":"hexo","hostname":"2510L-136001-M.local","pid":94168,"level":20,"msg":"Processed: \u001b[35msource/css/share-box.css\u001b[39m","time":"2018-06-22T05:23:55.368Z","v":0}
{"name":"hexo","hostname":"2510L-136001-M.local","pid":94168,"level":20,"msg":"Processed: \u001b[35msource/css/styles.styl\u001b[39m","time":"2018-06-22T05:23:55.369Z","v":0}
{"name":"hexo","hostname":"2510L-136001-M.local","pid":94168,"level":20,"msg":"Processed: \u001b[35msource/fancybox/blank.gif\u001b[39m","time":"2018-06-22T05:23:55.369Z","v":0}
{"name":"hexo","hostname":"2510L-136001-M.local","pid":94168,"level":20,"msg":"Processed: \u001b[35msource/fancybox/fancybox_overlay.png\u001b[39m","time":"2018-06-22T05:23:55.370Z","v":0}
{"name":"hexo","hostname":"2510L-136001-M.local","pid":94168,"level":20,"msg":"Processed: \u001b[35msource/fancybox/fancybox_loading.gif\u001b[39m","time":"2018-06-22T05:23:55.370Z","v":0}
{"name":"hexo","hostname":"2510L-136001-M.local","pid":94168,"level":20,"msg":"Processed: \u001b[35msource/fancybox/fancybox_sprite.png\u001b[39m","time":"2018-06-22T05:23:55.371Z","v":0}
{"name":"hexo","hostname":"2510L-136001-M.local","pid":94168,"level":20,"msg":"Processed: \u001b[35msource/fancybox/fancybox_loading@2x.gif\u001b[39m","time":"2018-06-22T05:23:55.371Z","v":0}
{"name":"hexo","hostname":"2510L-136001-M.local","pid":94168,"level":20,"msg":"Processed: \u001b[35msource/fancybox/fancybox_sprite@2x.png\u001b[39m","time":"2018-06-22T05:23:55.372Z","v":0}
{"name":"hexo","hostname":"2510L-136001-M.local","pid":94168,"level":20,"msg":"Processed: \u001b[35msource/fancybox/jquery.fancybox.css\u001b[39m","time":"2018-06-22T05:23:55.372Z","v":0}
{"name":"hexo","hostname":"2510L-136001-M.local","pid":94168,"level":20,"msg":"Processed: \u001b[35msource/js/script.js\u001b[39m","time":"2018-06-22T05:23:55.373Z","v":0}
{"name":"hexo","hostname":"2510L-136001-M.local","pid":94168,"level":20,"msg":"Processed: \u001b[35msource/fancybox/jquery.fancybox.js\u001b[39m","time":"2018-06-22T05:23:55.374Z","v":0}
{"name":"hexo","hostname":"2510L-136001-M.local","pid":94168,"level":20,"msg":"Processed: \u001b[35msource/fancybox/jquery.fancybox.pack.js\u001b[39m","time":"2018-06-22T05:23:55.374Z","v":0}
{"name":"hexo","hostname":"2510L-136001-M.local","pid":94168,"level":20,"msg":"Processed: \u001b[35mlayout/index.ejs\u001b[39m","time":"2018-06-22T05:23:55.384Z","v":0}
{"name":"hexo","hostname":"2510L-136001-M.local","pid":94168,"level":20,"msg":"Processed: \u001b[35mlayout/archive.ejs\u001b[39m","time":"2018-06-22T05:23:55.384Z","v":0}
{"name":"hexo","hostname":"2510L-136001-M.local","pid":94168,"level":20,"msg":"Processed: \u001b[35mlayout/category.ejs\u001b[39m","time":"2018-06-22T05:23:55.384Z","v":0}
{"name":"hexo","hostname":"2510L-136001-M.local","pid":94168,"level":20,"msg":"Processed: \u001b[35mlayout/page.ejs\u001b[39m","time":"2018-06-22T05:23:55.384Z","v":0}
{"name":"hexo","hostname":"2510L-136001-M.local","pid":94168,"level":20,"msg":"Processed: \u001b[35mlayout/layout.ejs\u001b[39m","time":"2018-06-22T05:23:55.384Z","v":0}
{"name":"hexo","hostname":"2510L-136001-M.local","pid":94168,"level":20,"msg":"Processed: \u001b[35mlayout/post.ejs\u001b[39m","time":"2018-06-22T05:23:55.384Z","v":0}
{"name":"hexo","hostname":"2510L-136001-M.local","pid":94168,"level":20,"msg":"Processed: \u001b[35mlayout/tag.ejs\u001b[39m","time":"2018-06-22T05:23:55.384Z","v":0}
{"name":"hexo","hostname":"2510L-136001-M.local","pid":94168,"level":20,"msg":"Processed: \u001b[35m_posts/test-my-site.md\u001b[39m","time":"2018-06-22T05:23:55.394Z","v":0}
{"name":"hexo","hostname":"2510L-136001-M.local","pid":94168,"level":20,"msg":"Processed: \u001b[35mlanguages/default.yml\u001b[39m","time":"2018-06-22T05:23:55.394Z","v":0}
{"name":"hexo","hostname":"2510L-136001-M.local","pid":94168,"level":20,"msg":"Processed: \u001b[35mlanguages/ru.yml\u001b[39m","time":"2018-06-22T05:23:55.394Z","v":0}
{"name":"hexo","hostname":"2510L-136001-M.local","pid":94168,"level":20,"msg":"Processed: \u001b[35mlanguages/zh-CN.yml\u001b[39m","time":"2018-06-22T05:23:55.394Z","v":0}
{"name":"hexo","hostname":"2510L-136001-M.local","pid":94168,"level":20,"msg":"Processed: \u001b[35mlanguages/no.yml\u001b[39m","time":"2018-06-22T05:23:55.394Z","v":0}
{"name":"hexo","hostname":"2510L-136001-M.local","pid":94168,"level":20,"msg":"Processed: \u001b[35mlanguages/zh-TW.yml\u001b[39m","time":"2018-06-22T05:23:55.395Z","v":0}
{"name":"hexo","hostname":"2510L-136001-M.local","pid":94168,"level":20,"msg":"Processed: \u001b[35m_posts/Mol-Pop-Genetics-Chp1-md.md\u001b[39m","time":"2018-06-22T05:23:55.395Z","v":0}
{"name":"hexo","hostname":"2510L-136001-M.local","pid":94168,"level":20,"msg":"Processed: \u001b[35m_posts/hello-world.md\u001b[39m","time":"2018-06-22T05:23:55.396Z","v":0}
{"name":"hexo","hostname":"2510L-136001-M.local","pid":94168,"level":20,"msg":"Processed: \u001b[35msource/fancybox/helpers/jquery.fancybox-buttons.css\u001b[39m","time":"2018-06-22T05:23:55.399Z","v":0}
{"name":"hexo","hostname":"2510L-136001-M.local","pid":94168,"level":20,"msg":"Processed: \u001b[35msource/fancybox/helpers/fancybox_buttons.png\u001b[39m","time":"2018-06-22T05:23:55.399Z","v":0}
{"name":"hexo","hostname":"2510L-136001-M.local","pid":94168,"level":20,"msg":"Processed: \u001b[35msource/fancybox/helpers/jquery.fancybox-buttons.js\u001b[39m","time":"2018-06-22T05:23:55.400Z","v":0}
{"name":"hexo","hostname":"2510L-136001-M.local","pid":94168,"level":20,"msg":"Processed: \u001b[35msource/fancybox/helpers/jquery.fancybox-media.js\u001b[39m","time":"2018-06-22T05:23:55.402Z","v":0}
{"name":"hexo","hostname":"2510L-136001-M.local","pid":94168,"level":20,"msg":"Processed: \u001b[35msource/fancybox/helpers/jquery.fancybox-thumbs.css\u001b[39m","time":"2018-06-22T05:23:55.402Z","v":0}
{"name":"hexo","hostname":"2510L-136001-M.local","pid":94168,"level":20,"msg":"Processed: \u001b[35msource/fancybox/helpers/jquery.fancybox-thumbs.js\u001b[39m","time":"2018-06-22T05:23:55.402Z","v":0}
{"name":"hexo","hostname":"2510L-136001-M.local","pid":94168,"level":20,"msg":"Processed: \u001b[35mlayout/_partial/archive.ejs\u001b[39m","time":"2018-06-22T05:23:55.430Z","v":0}
{"name":"hexo","hostname":"2510L-136001-M.local","pid":94168,"level":20,"msg":"Processed: \u001b[35mlayout/_partial/footer.ejs\u001b[39m","time":"2018-06-22T05:23:55.430Z","v":0}
{"name":"hexo","hostname":"2510L-136001-M.local","pid":94168,"level":20,"msg":"Processed: \u001b[35mlayout/_partial/google-analytics.ejs\u001b[39m","time":"2018-06-22T05:23:55.430Z","v":0}
{"name":"hexo","hostname":"2510L-136001-M.local","pid":94168,"level":20,"msg":"Processed: \u001b[35mlayout/_partial/article.ejs\u001b[39m","time":"2018-06-22T05:23:55.430Z","v":0}
{"name":"hexo","hostname":"2510L-136001-M.local","pid":94168,"level":20,"msg":"Processed: \u001b[35mlayout/_partial/head.ejs\u001b[39m","time":"2018-06-22T05:23:55.430Z","v":0}
{"name":"hexo","hostname":"2510L-136001-M.local","pid":94168,"level":20,"msg":"Processed: \u001b[35mlayout/_partial/header.ejs\u001b[39m","time":"2018-06-22T05:23:55.430Z","v":0}
{"name":"hexo","hostname":"2510L-136001-M.local","pid":94168,"level":20,"msg":"Processed: \u001b[35mlayout/_partial/sidebar.ejs\u001b[39m","time":"2018-06-22T05:23:55.430Z","v":0}
{"name":"hexo","hostname":"2510L-136001-M.local","pid":94168,"level":20,"msg":"Processed: \u001b[35mlayout/_partial/archive-post.ejs\u001b[39m","time":"2018-06-22T05:23:55.430Z","v":0}
{"name":"hexo","hostname":"2510L-136001-M.local","pid":94168,"level":20,"msg":"Processed: \u001b[35mlayout/_partial/inline-scripts.ejs\u001b[39m","time":"2018-06-22T05:23:55.431Z","v":0}
{"name":"hexo","hostname":"2510L-136001-M.local","pid":94168,"level":20,"msg":"Processed: \u001b[35mlayout/_widget/about.ejs\u001b[39m","time":"2018-06-22T05:23:55.431Z","v":0}
{"name":"hexo","hostname":"2510L-136001-M.local","pid":94168,"level":20,"msg":"Processed: \u001b[35mlayout/_partial/masthead.ejs\u001b[39m","time":"2018-06-22T05:23:55.431Z","v":0}
{"name":"hexo","hostname":"2510L-136001-M.local","pid":94168,"level":20,"msg":"Processed: \u001b[35mlayout/_widget/recent_posts.ejs\u001b[39m","time":"2018-06-22T05:23:55.431Z","v":0}
{"name":"hexo","hostname":"2510L-136001-M.local","pid":94168,"level":20,"msg":"Processed: \u001b[35mlayout/_widget/archive.ejs\u001b[39m","time":"2018-06-22T05:23:55.431Z","v":0}
{"name":"hexo","hostname":"2510L-136001-M.local","pid":94168,"level":20,"msg":"Processed: \u001b[35mlayout/_widget/tag.ejs\u001b[39m","time":"2018-06-22T05:23:55.431Z","v":0}
{"name":"hexo","hostname":"2510L-136001-M.local","pid":94168,"level":20,"msg":"Processed: \u001b[35mlayout/_widget/category.ejs\u001b[39m","time":"2018-06-22T05:23:55.431Z","v":0}
{"name":"hexo","hostname":"2510L-136001-M.local","pid":94168,"level":20,"msg":"Processed: \u001b[35mlayout/_widget/tagcloud.ejs\u001b[39m","time":"2018-06-22T05:23:55.431Z","v":0}
{"name":"hexo","hostname":"2510L-136001-M.local","pid":94168,"level":20,"msg":"Processed: \u001b[35mlayout/_partial/post/category.ejs\u001b[39m","time":"2018-06-22T05:23:55.435Z","v":0}
{"name":"hexo","hostname":"2510L-136001-M.local","pid":94168,"level":20,"msg":"Processed: \u001b[35mlayout/_partial/post/date.ejs\u001b[39m","time":"2018-06-22T05:23:55.435Z","v":0}
{"name":"hexo","hostname":"2510L-136001-M.local","pid":94168,"level":20,"msg":"Processed: \u001b[35mlayout/_partial/post/gallery.ejs\u001b[39m","time":"2018-06-22T05:23:55.435Z","v":0}
{"name":"hexo","hostname":"2510L-136001-M.local","pid":94168,"level":20,"msg":"Processed: \u001b[35mlayout/_partial/post/nav.ejs\u001b[39m","time":"2018-06-22T05:23:55.435Z","v":0}
{"name":"hexo","hostname":"2510L-136001-M.local","pid":94168,"level":20,"msg":"Processed: \u001b[35mlayout/_partial/post/tag.ejs\u001b[39m","time":"2018-06-22T05:23:55.435Z","v":0}
{"name":"hexo","hostname":"2510L-136001-M.local","pid":94168,"level":20,"msg":"Processed: \u001b[35mlayout/_partial/post/title.ejs\u001b[39m","time":"2018-06-22T05:23:55.435Z","v":0}
{"name":"hexo","hostname":"2510L-136001-M.local","pid":94168,"level":20,"msg":"Generator: \u001b[35mpage\u001b[39m","time":"2018-06-22T05:23:55.624Z","v":0}
{"name":"hexo","hostname":"2510L-136001-M.local","pid":94168,"level":20,"msg":"Generator: \u001b[35mpost\u001b[39m","time":"2018-06-22T05:23:55.624Z","v":0}
{"name":"hexo","hostname":"2510L-136001-M.local","pid":94168,"level":20,"msg":"Generator: \u001b[35mindex\u001b[39m","time":"2018-06-22T05:23:55.624Z","v":0}
{"name":"hexo","hostname":"2510L-136001-M.local","pid":94168,"level":20,"msg":"Generator: \u001b[35marchive\u001b[39m","time":"2018-06-22T05:23:55.624Z","v":0}
{"name":"hexo","hostname":"2510L-136001-M.local","pid":94168,"level":20,"msg":"Generator: \u001b[35mtag\u001b[39m","time":"2018-06-22T05:23:55.624Z","v":0}
{"name":"hexo","hostname":"2510L-136001-M.local","pid":94168,"level":20,"msg":"Generator: \u001b[35mcategory\u001b[39m","time":"2018-06-22T05:23:55.624Z","v":0}
{"name":"hexo","hostname":"2510L-136001-M.local","pid":94168,"level":20,"msg":"Generator: \u001b[35masset\u001b[39m","time":"2018-06-22T05:23:55.625Z","v":0}
{"name":"hexo","hostname":"2510L-136001-M.local","pid":94168,"level":30,"msg":"Hexo is running at \u001b[4mhttp://localhost:4000/\u001b[24m. Press Ctrl+C to stop.","time":"2018-06-22T05:23:55.628Z","v":0}
{"name":"hexo","hostname":"2510L-136001-M.local","pid":94168,"level":20,"msg":"Database saved","time":"2018-06-22T05:23:55.633Z","v":0}
{"name":"hexo","hostname":"2510L-136001-M.local","pid":94168,"level":20,"msg":"Rendering index: \u001b[35mindex.html\u001b[39m","time":"2018-06-22T05:24:22.414Z","v":0}
{"name":"hexo","hostname":"2510L-136001-M.local","pid":94168,"level":20,"msg":"Rendering post: \u001b[35m2018/06/22/Mol-Pop-Genetics-Chp1-md/index.html\u001b[39m","time":"2018-06-22T05:24:24.903Z","v":0}
{"name":"hexo","hostname":"2510L-136001-M.local","pid":94168,"level":20,"msg":"Rendering post: \u001b[35m2018/06/22/test-my-site/index.html\u001b[39m","time":"2018-06-22T05:24:32.270Z","v":0}
{"name":"hexo","hostname":"2510L-136001-M.local","pid":94168,"level":20,"msg":"Rendering post: \u001b[35m2018/06/22/Mol-Pop-Genetics-Chp1-md/index.html\u001b[39m","time":"2018-06-22T05:24:35.077Z","v":0}
{"name":"hexo","hostname":"2510L-136001-M.local","pid":94168,"level":20,"msg":"Rendering post: \u001b[35m2018/06/22/Mol-Pop-Genetics-Chp1-md/index.html\u001b[39m","time":"2018-06-22T05:24:37.990Z","v":0}
{"name":"hexo","hostname":"2510L-136001-M.local","pid":94168,"level":30,"msg":"See you again","time":"2018-06-22T05:24:51.795Z","v":0}
{"name":"hexo","hostname":"2510L-136001-M.local","pid":94168,"level":20,"msg":"Database saved","time":"2018-06-22T05:24:51.804Z","v":0}
